<?xml version="1.0" encoding="UTF-8"?>
<testsuite xmlns:xsi="http://www.w3.org/2001/XMLSchema-instance" xsi:noNamespaceSchemaLocation="https://maven.apache.org/surefire/maven-surefire-plugin/xsd/surefire-test-report-3.0.xsd" version="3.0" name="com.lesaro.creditsimulator.service.LoanCalculatorServiceTest" time="0.191" tests="8" errors="0" skipped="0" failures="0">
  <properties>
[...]
</properties>
  <testcase name="testVehicleTypeMobil" classname="com.lesaro.creditsimulator.service.LoanCalculatorServiceTest" time="0.07"/>
  <testcase name="testVehicleTypeMotor" classname="com.lesaro.creditsimulator.service.LoanCalculatorServiceTest" time="0.002"/>
  <testcase name="testCalculateMonthlyInstallment" classname="com.lesaro.creditsimulator.service.LoanCalculatorServiceTest" time="0.008"/>
  <testcase name="testVehicleConditionBekas" classname="com.lesaro.creditsimulator.service.LoanCalculatorServiceTest" time="0.004"/>
  <testcase name="testInvalidVehicleCondition" classname="com.lesaro.creditsimulator.service.LoanCalculatorServiceTest" time="0.008"/>
  <testcase name="testVehicleConditionBaru" classname="com.lesaro.creditsimulator.service.LoanCalculatorServiceTest" time="0.003"/>
  <testcase name="testCalculateInterestRate" classname="com.lesaro.creditsimulator.service.LoanCalculatorServiceTest" time="0.01"/>
  <testcase name="testInvalidVehicleType" classname="com.lesaro.creditsimulator.service.LoanCalculatorServiceTest" time="0.006"/>
</testsuite>